27-Oct-2020 15:20:06.538 INFORMAÇÕES [main] org.apache.catalina.startup.VersionLoggerListener.log Server version name:   Apache Tomcat/8.5.58
27-Oct-2020 15:20:06.557 INFORMAÇÕES [main] org.apache.catalina.startup.VersionLoggerListener.log Server built:          Sep 10 2020 21:45:33 UTC
27-Oct-2020 15:20:06.559 INFORMAÇÕES [main] org.apache.catalina.startup.VersionLoggerListener.log Server version number: 8.5.58.0
27-Oct-2020 15:20:06.559 INFORMAÇÕES [main] org.apache.catalina.startup.VersionLoggerListener.log OS Name:               Windows 10
27-Oct-2020 15:20:06.559 INFORMAÇÕES [main] org.apache.catalina.startup.VersionLoggerListener.log OS Version:            10.0
27-Oct-2020 15:20:06.559 INFORMAÇÕES [main] org.apache.catalina.startup.VersionLoggerListener.log Architecture:          amd64
27-Oct-2020 15:20:06.560 INFORMAÇÕES [main] org.apache.catalina.startup.VersionLoggerListener.log Java Home:             C:\Program Files\Java\jdk1.8.0_261\jre
27-Oct-2020 15:20:06.560 INFORMAÇÕES [main] org.apache.catalina.startup.VersionLoggerListener.log JVM Version:           1.8.0_261-b12
27-Oct-2020 15:20:06.560 INFORMAÇÕES [main] org.apache.catalina.startup.VersionLoggerListener.log JVM Vendor:            Oracle Corporation
27-Oct-2020 15:20:06.560 INFORMAÇÕES [main] org.apache.catalina.startup.VersionLoggerListener.log CATALINA_BASE:         C:\Users\flavi\Downloads\Trabalho bit\apache-tomcat-8.5.58
27-Oct-2020 15:20:06.560 INFORMAÇÕES [main] org.apache.catalina.startup.VersionLoggerListener.log CATALINA_HOME:         C:\Users\flavi\Downloads\Trabalho bit\apache-tomcat-8.5.58
27-Oct-2020 15:20:06.560 INFORMAÇÕES [main] org.apache.catalina.startup.VersionLoggerListener.log Command line argument: -Djava.util.logging.config.file=C:\Users\flavi\Downloads\Trabalho bit\apache-tomcat-8.5.58\conf\logging.properties
27-Oct-2020 15:20:06.560 INFORMAÇÕES [main] org.apache.catalina.startup.VersionLoggerListener.log Command line argument: -Djava.util.logging.manager=org.apache.juli.ClassLoaderLogManager
27-Oct-2020 15:20:06.561 INFORMAÇÕES [main] org.apache.catalina.startup.VersionLoggerListener.log Command line argument: -Dhttp.nonProxyHosts=localhost|127.0.0.1|DESKTOP-I3EE8NJ
27-Oct-2020 15:20:06.561 INFORMAÇÕES [main] org.apache.catalina.startup.VersionLoggerListener.log Command line argument: -Djdk.tls.ephemeralDHKeySize=2048
27-Oct-2020 15:20:06.561 INFORMAÇÕES [main] org.apache.catalina.startup.VersionLoggerListener.log Command line argument: -Djava.protocol.handler.pkgs=org.apache.catalina.webresources
27-Oct-2020 15:20:06.561 INFORMAÇÕES [main] org.apache.catalina.startup.VersionLoggerListener.log Command line argument: -Dignore.endorsed.dirs=
27-Oct-2020 15:20:06.561 INFORMAÇÕES [main] org.apache.catalina.startup.VersionLoggerListener.log Command line argument: -Dcatalina.base=C:\Users\flavi\Downloads\Trabalho bit\apache-tomcat-8.5.58
27-Oct-2020 15:20:06.561 INFORMAÇÕES [main] org.apache.catalina.startup.VersionLoggerListener.log Command line argument: -Dcatalina.home=C:\Users\flavi\Downloads\Trabalho bit\apache-tomcat-8.5.58
27-Oct-2020 15:20:06.562 INFORMAÇÕES [main] org.apache.catalina.startup.VersionLoggerListener.log Command line argument: -Djava.io.tmpdir=C:\Users\flavi\Downloads\Trabalho bit\apache-tomcat-8.5.58\temp
27-Oct-2020 15:20:06.562 INFORMAÇÕES [main] org.apache.catalina.core.AprLifecycleListener.lifecycleEvent Loaded Apache Tomcat Native library [1.2.25] using APR version [1.7.0].
27-Oct-2020 15:20:06.562 INFORMAÇÕES [main] org.apache.catalina.core.AprLifecycleListener.lifecycleEvent APR capabilities: IPv6 [true], sendfile [true], accept filters [false], random [true].
27-Oct-2020 15:20:06.562 INFORMAÇÕES [main] org.apache.catalina.core.AprLifecycleListener.lifecycleEvent APR/OpenSSL configuration: useAprConnector [false], useOpenSSL [true]
27-Oct-2020 15:20:06.718 INFORMAÇÕES [main] org.apache.catalina.core.AprLifecycleListener.initializeSSL OpenSSL successfully initialized [OpenSSL 1.1.1g  21 Apr 2020]
27-Oct-2020 15:20:07.761 INFORMAÇÕES [main] org.apache.coyote.AbstractProtocol.init Initializing ProtocolHandler ["http-nio-8080"]
27-Oct-2020 15:20:08.561 INFORMAÇÕES [main] org.apache.tomcat.util.net.NioSelectorPool.getSharedSelector Using a shared selector for servlet write/read
27-Oct-2020 15:20:08.605 INFORMAÇÕES [main] org.apache.catalina.startup.Catalina.load Initialization processed in 4755 ms
27-Oct-2020 15:20:08.792 INFORMAÇÕES [main] org.apache.catalina.core.StandardService.startInternal Starting service [Catalina]
27-Oct-2020 15:20:08.792 INFORMAÇÕES [main] org.apache.catalina.core.StandardEngine.startInternal Starting Servlet Engine: Apache Tomcat/8.5.58
27-Oct-2020 15:20:08.836 INFORMAÇÕES [localhost-startStop-1] org.apache.catalina.startup.HostConfig.deployDescriptor Deploying deployment descriptor [C:\Users\flavi\Downloads\Trabalho bit\apache-tomcat-8.5.58\conf\Catalina\localhost\WebXPTO20202.xml]
27-Oct-2020 15:20:10.983 INFORMAÇÕES [localhost-startStop-1] org.apache.jasper.servlet.TldScanner.scanJars At least one JAR was scanned for TLDs yet contained no TLDs. Enable debug logging for this logger for a complete list of JARs that were scanned but no TLDs were found in them. Skipping unneeded JARs during scanning can improve startup time and JSP compilation time.
27-Oct-2020 15:20:11.867 INFORMAÇÕES [localhost-startStop-1] org.apache.catalina.startup.HostConfig.deployDescriptor Deployment of deployment descriptor [C:\Users\flavi\Downloads\Trabalho bit\apache-tomcat-8.5.58\conf\Catalina\localhost\WebXPTO20202.xml] has finished in [3,031] ms
27-Oct-2020 15:20:11.868 INFORMAÇÕES [localhost-startStop-1] org.apache.catalina.startup.HostConfig.deployDirectory Deploying web application directory [C:\Users\flavi\Downloads\Trabalho bit\apache-tomcat-8.5.58\webapps\docs]
27-Oct-2020 15:20:11.964 INFORMAÇÕES [localhost-startStop-1] org.apache.catalina.startup.HostConfig.deployDirectory Deployment of web application directory [C:\Users\flavi\Downloads\Trabalho bit\apache-tomcat-8.5.58\webapps\docs] has finished in [96] ms
27-Oct-2020 15:20:11.964 INFORMAÇÕES [localhost-startStop-1] org.apache.catalina.startup.HostConfig.deployDirectory Deploying web application directory [C:\Users\flavi\Downloads\Trabalho bit\apache-tomcat-8.5.58\webapps\examples]
27-Oct-2020 15:20:14.117 INFORMAÇÕES [localhost-startStop-1] org.apache.catalina.startup.HostConfig.deployDirectory Deployment of web application directory [C:\Users\flavi\Downloads\Trabalho bit\apache-tomcat-8.5.58\webapps\examples] has finished in [2,152] ms
27-Oct-2020 15:20:14.117 INFORMAÇÕES [localhost-startStop-1] org.apache.catalina.startup.HostConfig.deployDirectory Deploying web application directory [C:\Users\flavi\Downloads\Trabalho bit\apache-tomcat-8.5.58\webapps\host-manager]
27-Oct-2020 15:20:14.271 INFORMAÇÕES [localhost-startStop-1] org.apache.catalina.startup.HostConfig.deployDirectory Deployment of web application directory [C:\Users\flavi\Downloads\Trabalho bit\apache-tomcat-8.5.58\webapps\host-manager] has finished in [154] ms
27-Oct-2020 15:20:14.272 INFORMAÇÕES [localhost-startStop-1] org.apache.catalina.startup.HostConfig.deployDirectory Deploying web application directory [C:\Users\flavi\Downloads\Trabalho bit\apache-tomcat-8.5.58\webapps\manager]
27-Oct-2020 15:20:14.585 INFORMAÇÕES [localhost-startStop-1] org.apache.catalina.startup.HostConfig.deployDirectory Deployment of web application directory [C:\Users\flavi\Downloads\Trabalho bit\apache-tomcat-8.5.58\webapps\manager] has finished in [313] ms
27-Oct-2020 15:20:14.586 INFORMAÇÕES [localhost-startStop-1] org.apache.catalina.startup.HostConfig.deployDirectory Deploying web application directory [C:\Users\flavi\Downloads\Trabalho bit\apache-tomcat-8.5.58\webapps\ROOT]
27-Oct-2020 15:20:14.732 INFORMAÇÕES [localhost-startStop-1] org.apache.catalina.startup.HostConfig.deployDirectory Deployment of web application directory [C:\Users\flavi\Downloads\Trabalho bit\apache-tomcat-8.5.58\webapps\ROOT] has finished in [146] ms
27-Oct-2020 15:20:14.752 INFORMAÇÕES [main] org.apache.coyote.AbstractProtocol.start Starting ProtocolHandler ["http-nio-8080"]
27-Oct-2020 15:20:14.819 INFORMAÇÕES [main] org.apache.catalina.startup.Catalina.start Server startup in 6214 ms
27-Oct-2020 15:20:23.772 INFORMAÇÕES [http-nio-8080-exec-1] org.apache.catalina.core.StandardContext.reload Reloading Context with name [/WebXPTO20202] has started
27-Oct-2020 15:20:24.619 INFORMAÇÕES [http-nio-8080-exec-1] org.apache.jasper.servlet.TldScanner.scanJars At least one JAR was scanned for TLDs yet contained no TLDs. Enable debug logging for this logger for a complete list of JARs that were scanned but no TLDs were found in them. Skipping unneeded JARs during scanning can improve startup time and JSP compilation time.
27-Oct-2020 15:20:24.626 INFORMAÇÕES [http-nio-8080-exec-1] org.apache.catalina.core.StandardContext.reload Reloading Context with name [/WebXPTO20202] is completed
27-Oct-2020 20:04:23.315 INFORMAÇÕES [main] org.apache.catalina.core.StandardServer.await A valid shutdown command was received via the shutdown port. Stopping the Server instance.
27-Oct-2020 20:04:23.757 INFORMAÇÕES [main] org.apache.coyote.AbstractProtocol.pause Pausing ProtocolHandler ["http-nio-8080"]
27-Oct-2020 20:04:25.238 INFORMAÇÕES [main] org.apache.catalina.core.StandardService.stopInternal Stopping service [Catalina]
27-Oct-2020 20:04:28.660 ADVERTÊNCIA [localhost-startStop-2] org.apache.catalina.loader.WebappClassLoaderBase.clearReferencesJdbc The web application [WebXPTO20202] registered the JDBC driver [com.mysql.cj.jdbc.Driver] but failed to unregister it when the web application was stopped. To prevent a memory leak, the JDBC Driver has been forcibly unregistered.
27-Oct-2020 20:04:28.661 ADVERTÊNCIA [localhost-startStop-2] org.apache.catalina.loader.WebappClassLoaderBase.clearReferencesThreads The web application [WebXPTO20202] appears to have started a thread named [mysql-cj-abandoned-connection-cleanup] but has failed to stop it. This is very likely to create a memory leak. Stack trace of thread:
 java.lang.Object.wait(Native Method)
 java.lang.ref.ReferenceQueue.remove(ReferenceQueue.java:144)
 com.mysql.cj.jdbc.AbandonedConnectionCleanupThread.run(AbandonedConnectionCleanupThread.java:85)
 java.util.concurrent.ThreadPoolExecutor.runWorker(ThreadPoolExecutor.java:1149)
 java.util.concurrent.ThreadPoolExecutor$Worker.run(ThreadPoolExecutor.java:624)
 java.lang.Thread.run(Thread.java:748)
27-Oct-2020 20:04:29.344 INFORMAÇÕES [main] org.apache.coyote.AbstractProtocol.stop Stopping ProtocolHandler ["http-nio-8080"]
27-Oct-2020 20:04:29.468 INFORMAÇÕES [main] org.apache.coyote.AbstractProtocol.destroy Destroying ProtocolHandler ["http-nio-8080"]
