23-Oct-2020 00:00:01.777 GRAVE [http-nio-8080-exec-14] org.apache.catalina.core.StandardWrapperValve.invoke Servlet.service() for servlet [jsp] in context with path [/WebXPTO20202] threw exception [Unable to compile class for JSP: 

An error occurred at line: [6] in the jsp file: [/jsp/Funcionarios/validaConsultarFuncionario.jsp]
The constructor Funcionarios(int, String, String, String, String) is undefined
3: <%@page import="backendxpto20202.modelo.bean.Funcionarios"%>
4: <%
5:     String nome = request.getParameter("NOME");
6:     Funcionarios pes = new Funcionarios(0,nome,"","","");
7:     ControleFuncionarios pescont = new ControleFuncionarios();
8:     List<Funcionarios> pess = pescont.lista(pes);
9:     Usuario usuLogado = (Usuario) session.getAttribute("UsuarioLogado");


An error occurred at line: [9] in the jsp file: [/jsp/Funcionarios/validaConsultarFuncionario.jsp]
Usuario cannot be resolved to a type
6:     Funcionarios pes = new Funcionarios(0,nome,"","","");
7:     ControleFuncionarios pescont = new ControleFuncionarios();
8:     List<Funcionarios> pess = pescont.lista(pes);
9:     Usuario usuLogado = (Usuario) session.getAttribute("UsuarioLogado");
10:     String url = "PBUSCA=" + nome+"&ID=" ;
11: %>
12: 


An error occurred at line: [9] in the jsp file: [/jsp/Funcionarios/validaConsultarFuncionario.jsp]
Usuario cannot be resolved to a type
6:     Funcionarios pes = new Funcionarios(0,nome,"","","");
7:     ControleFuncionarios pescont = new ControleFuncionarios();
8:     List<Funcionarios> pess = pescont.lista(pes);
9:     Usuario usuLogado = (Usuario) session.getAttribute("UsuarioLogado");
10:     String url = "PBUSCA=" + nome+"&ID=" ;
11: %>
12: 


An error occurred at line: [33] in the jsp file: [/jsp/Funcionarios/validaConsultarFuncionario.jsp]
The method getCpf() is undefined for the type Funcionarios
30:                     <% for (Funcionarios listaPessoas : pess) { %>
31:                         <tr>
32:                             <td><%=listaPessoas.getId()%></td>
33:                             <td><%=listaPessoas.getCpf()%></td>
34:                             <td><%=listaPessoas.getNome()%></td>
35:                             <td><%=listaPessoas.getEmail()%></td>
36:                             <% if (usuLogado.getTipo().equals("ADM")) { %>


An error occurred at line: [35] in the jsp file: [/jsp/Funcionarios/validaConsultarFuncionario.jsp]
The method getEmail() is undefined for the type Funcionarios
32:                             <td><%=listaPessoas.getId()%></td>
33:                             <td><%=listaPessoas.getCpf()%></td>
34:                             <td><%=listaPessoas.getNome()%></td>
35:                             <td><%=listaPessoas.getEmail()%></td>
36:                             <% if (usuLogado.getTipo().equals("ADM")) { %>
37:                                 <td><a href="excluirPessoa.jsp?<%=url + listaPessoas.getId()%>">Excluir</a></td>
38:                                 <td><a href="alterarPessoa.jsp?<%=url + listaPessoas.getId()%>">Alterar</a></td>


Stacktrace:] with root cause
	org.apache.jasper.JasperException: Unable to compile class for JSP: 

An error occurred at line: [6] in the jsp file: [/jsp/Funcionarios/validaConsultarFuncionario.jsp]
The constructor Funcionarios(int, String, String, String, String) is undefined
3: <%@page import="backendxpto20202.modelo.bean.Funcionarios"%>
4: <%
5:     String nome = request.getParameter("NOME");
6:     Funcionarios pes = new Funcionarios(0,nome,"","","");
7:     ControleFuncionarios pescont = new ControleFuncionarios();
8:     List<Funcionarios> pess = pescont.lista(pes);
9:     Usuario usuLogado = (Usuario) session.getAttribute("UsuarioLogado");


An error occurred at line: [9] in the jsp file: [/jsp/Funcionarios/validaConsultarFuncionario.jsp]
Usuario cannot be resolved to a type
6:     Funcionarios pes = new Funcionarios(0,nome,"","","");
7:     ControleFuncionarios pescont = new ControleFuncionarios();
8:     List<Funcionarios> pess = pescont.lista(pes);
9:     Usuario usuLogado = (Usuario) session.getAttribute("UsuarioLogado");
10:     String url = "PBUSCA=" + nome+"&ID=" ;
11: %>
12: 


An error occurred at line: [9] in the jsp file: [/jsp/Funcionarios/validaConsultarFuncionario.jsp]
Usuario cannot be resolved to a type
6:     Funcionarios pes = new Funcionarios(0,nome,"","","");
7:     ControleFuncionarios pescont = new ControleFuncionarios();
8:     List<Funcionarios> pess = pescont.lista(pes);
9:     Usuario usuLogado = (Usuario) session.getAttribute("UsuarioLogado");
10:     String url = "PBUSCA=" + nome+"&ID=" ;
11: %>
12: 


An error occurred at line: [33] in the jsp file: [/jsp/Funcionarios/validaConsultarFuncionario.jsp]
The method getCpf() is undefined for the type Funcionarios
30:                     <% for (Funcionarios listaPessoas : pess) { %>
31:                         <tr>
32:                             <td><%=listaPessoas.getId()%></td>
33:                             <td><%=listaPessoas.getCpf()%></td>
34:                             <td><%=listaPessoas.getNome()%></td>
35:                             <td><%=listaPessoas.getEmail()%></td>
36:                             <% if (usuLogado.getTipo().equals("ADM")) { %>


An error occurred at line: [35] in the jsp file: [/jsp/Funcionarios/validaConsultarFuncionario.jsp]
The method getEmail() is undefined for the type Funcionarios
32:                             <td><%=listaPessoas.getId()%></td>
33:                             <td><%=listaPessoas.getCpf()%></td>
34:                             <td><%=listaPessoas.getNome()%></td>
35:                             <td><%=listaPessoas.getEmail()%></td>
36:                             <% if (usuLogado.getTipo().equals("ADM")) { %>
37:                                 <td><a href="excluirPessoa.jsp?<%=url + listaPessoas.getId()%>">Excluir</a></td>
38:                                 <td><a href="alterarPessoa.jsp?<%=url + listaPessoas.getId()%>">Alterar</a></td>


Stacktrace:
		at org.apache.jasper.compiler.DefaultErrorHandler.javacError(DefaultErrorHandler.java:102)
		at org.apache.jasper.compiler.ErrorDispatcher.javacError(ErrorDispatcher.java:212)
		at org.apache.jasper.compiler.JDTCompiler.generateClass(JDTCompiler.java:560)
		at org.apache.jasper.compiler.Compiler.compile(Compiler.java:381)
		at org.apache.jasper.compiler.Compiler.compile(Compiler.java:351)
		at org.apache.jasper.compiler.Compiler.compile(Compiler.java:335)
		at org.apache.jasper.JspCompilationContext.compile(JspCompilationContext.java:597)
		at org.apache.jasper.servlet.JspServletWrapper.service(JspServletWrapper.java:399)
		at org.apache.jasper.servlet.JspServlet.serviceJspFile(JspServlet.java:386)
		at org.apache.jasper.servlet.JspServlet.service(JspServlet.java:330)
		at javax.servlet.http.HttpServlet.service(HttpServlet.java:733)
		at org.apache.catalina.core.ApplicationFilterChain.internalDoFilter(ApplicationFilterChain.java:231)
		at org.apache.catalina.core.ApplicationFilterChain.doFilter(ApplicationFilterChain.java:166)
		at org.apache.tomcat.websocket.server.WsFilter.doFilter(WsFilter.java:52)
		at org.apache.catalina.core.ApplicationFilterChain.internalDoFilter(ApplicationFilterChain.java:193)
		at org.apache.catalina.core.ApplicationFilterChain.doFilter(ApplicationFilterChain.java:166)
		at org.apache.catalina.core.StandardWrapperValve.invoke(StandardWrapperValve.java:199)
		at org.apache.catalina.core.StandardContextValve.invoke(StandardContextValve.java:97)
		at org.apache.catalina.authenticator.AuthenticatorBase.invoke(AuthenticatorBase.java:543)
		at org.apache.catalina.core.StandardHostValve.invoke(StandardHostValve.java:143)
		at org.apache.catalina.valves.ErrorReportValve.invoke(ErrorReportValve.java:81)
		at org.apache.catalina.valves.AbstractAccessLogValve.invoke(AbstractAccessLogValve.java:690)
		at org.apache.catalina.core.StandardEngineValve.invoke(StandardEngineValve.java:78)
		at org.apache.catalina.connector.CoyoteAdapter.service(CoyoteAdapter.java:343)
		at org.apache.coyote.http11.Http11Processor.service(Http11Processor.java:616)
		at org.apache.coyote.AbstractProcessorLight.process(AbstractProcessorLight.java:65)
		at org.apache.coyote.AbstractProtocol$ConnectionHandler.process(AbstractProtocol.java:818)
		at org.apache.tomcat.util.net.NioEndpoint$SocketProcessor.doRun(NioEndpoint.java:1626)
		at org.apache.tomcat.util.net.SocketProcessorBase.run(SocketProcessorBase.java:49)
		at java.util.concurrent.ThreadPoolExecutor.runWorker(ThreadPoolExecutor.java:1149)
		at java.util.concurrent.ThreadPoolExecutor$Worker.run(ThreadPoolExecutor.java:624)
		at org.apache.tomcat.util.threads.TaskThread$WrappingRunnable.run(TaskThread.java:61)
		at java.lang.Thread.run(Thread.java:748)
23-Oct-2020 00:00:29.319 GRAVE [http-nio-8080-exec-16] org.apache.catalina.core.StandardWrapperValve.invoke Servlet.service() for servlet [jsp] in context with path [/WebXPTO20202] threw exception [Unable to compile class for JSP: 

An error occurred at line: [6] in the jsp file: [/jsp/Funcionarios/validaConsultarFuncionario.jsp]
The constructor Funcionarios(int, String, String, String, String) is undefined
3: <%@page import="backendxpto20202.modelo.bean.Funcionarios"%>
4: <%
5:     String nome = request.getParameter("NOME");
6:     Funcionarios pes = new Funcionarios(0,nome,"","","");
7:     ControleFuncionarios pescont = new ControleFuncionarios();
8:     List<Funcionarios> pess = pescont.lista(pes);
9:     Usuario usuLogado = (Usuario) session.getAttribute("UsuarioLogado");


An error occurred at line: [9] in the jsp file: [/jsp/Funcionarios/validaConsultarFuncionario.jsp]
Usuario cannot be resolved to a type
6:     Funcionarios pes = new Funcionarios(0,nome,"","","");
7:     ControleFuncionarios pescont = new ControleFuncionarios();
8:     List<Funcionarios> pess = pescont.lista(pes);
9:     Usuario usuLogado = (Usuario) session.getAttribute("UsuarioLogado");
10:     String url = "PBUSCA=" + nome+"&ID=" ;
11: %>
12: 


An error occurred at line: [9] in the jsp file: [/jsp/Funcionarios/validaConsultarFuncionario.jsp]
Usuario cannot be resolved to a type
6:     Funcionarios pes = new Funcionarios(0,nome,"","","");
7:     ControleFuncionarios pescont = new ControleFuncionarios();
8:     List<Funcionarios> pess = pescont.lista(pes);
9:     Usuario usuLogado = (Usuario) session.getAttribute("UsuarioLogado");
10:     String url = "PBUSCA=" + nome+"&ID=" ;
11: %>
12: 


An error occurred at line: [33] in the jsp file: [/jsp/Funcionarios/validaConsultarFuncionario.jsp]
The method getCpf() is undefined for the type Funcionarios
30:                     <% for (Funcionarios listaPessoas : pess) { %>
31:                         <tr>
32:                             <td><%=listaPessoas.getId()%></td>
33:                             <td><%=listaPessoas.getCpf()%></td>
34:                             <td><%=listaPessoas.getNome()%></td>
35:                             <td><%=listaPessoas.getEmail()%></td>
36:                             <% if (usuLogado.getTipo().equals("ADM")) { %>


An error occurred at line: [35] in the jsp file: [/jsp/Funcionarios/validaConsultarFuncionario.jsp]
The method getEmail() is undefined for the type Funcionarios
32:                             <td><%=listaPessoas.getId()%></td>
33:                             <td><%=listaPessoas.getCpf()%></td>
34:                             <td><%=listaPessoas.getNome()%></td>
35:                             <td><%=listaPessoas.getEmail()%></td>
36:                             <% if (usuLogado.getTipo().equals("ADM")) { %>
37:                                 <td><a href="excluirPessoa.jsp?<%=url + listaPessoas.getId()%>">Excluir</a></td>
38:                                 <td><a href="alterarPessoa.jsp?<%=url + listaPessoas.getId()%>">Alterar</a></td>


Stacktrace:] with root cause
	org.apache.jasper.JasperException: Unable to compile class for JSP: 

An error occurred at line: [6] in the jsp file: [/jsp/Funcionarios/validaConsultarFuncionario.jsp]
The constructor Funcionarios(int, String, String, String, String) is undefined
3: <%@page import="backendxpto20202.modelo.bean.Funcionarios"%>
4: <%
5:     String nome = request.getParameter("NOME");
6:     Funcionarios pes = new Funcionarios(0,nome,"","","");
7:     ControleFuncionarios pescont = new ControleFuncionarios();
8:     List<Funcionarios> pess = pescont.lista(pes);
9:     Usuario usuLogado = (Usuario) session.getAttribute("UsuarioLogado");


An error occurred at line: [9] in the jsp file: [/jsp/Funcionarios/validaConsultarFuncionario.jsp]
Usuario cannot be resolved to a type
6:     Funcionarios pes = new Funcionarios(0,nome,"","","");
7:     ControleFuncionarios pescont = new ControleFuncionarios();
8:     List<Funcionarios> pess = pescont.lista(pes);
9:     Usuario usuLogado = (Usuario) session.getAttribute("UsuarioLogado");
10:     String url = "PBUSCA=" + nome+"&ID=" ;
11: %>
12: 


An error occurred at line: [9] in the jsp file: [/jsp/Funcionarios/validaConsultarFuncionario.jsp]
Usuario cannot be resolved to a type
6:     Funcionarios pes = new Funcionarios(0,nome,"","","");
7:     ControleFuncionarios pescont = new ControleFuncionarios();
8:     List<Funcionarios> pess = pescont.lista(pes);
9:     Usuario usuLogado = (Usuario) session.getAttribute("UsuarioLogado");
10:     String url = "PBUSCA=" + nome+"&ID=" ;
11: %>
12: 


An error occurred at line: [33] in the jsp file: [/jsp/Funcionarios/validaConsultarFuncionario.jsp]
The method getCpf() is undefined for the type Funcionarios
30:                     <% for (Funcionarios listaPessoas : pess) { %>
31:                         <tr>
32:                             <td><%=listaPessoas.getId()%></td>
33:                             <td><%=listaPessoas.getCpf()%></td>
34:                             <td><%=listaPessoas.getNome()%></td>
35:                             <td><%=listaPessoas.getEmail()%></td>
36:                             <% if (usuLogado.getTipo().equals("ADM")) { %>


An error occurred at line: [35] in the jsp file: [/jsp/Funcionarios/validaConsultarFuncionario.jsp]
The method getEmail() is undefined for the type Funcionarios
32:                             <td><%=listaPessoas.getId()%></td>
33:                             <td><%=listaPessoas.getCpf()%></td>
34:                             <td><%=listaPessoas.getNome()%></td>
35:                             <td><%=listaPessoas.getEmail()%></td>
36:                             <% if (usuLogado.getTipo().equals("ADM")) { %>
37:                                 <td><a href="excluirPessoa.jsp?<%=url + listaPessoas.getId()%>">Excluir</a></td>
38:                                 <td><a href="alterarPessoa.jsp?<%=url + listaPessoas.getId()%>">Alterar</a></td>


Stacktrace:
		at org.apache.jasper.compiler.DefaultErrorHandler.javacError(DefaultErrorHandler.java:102)
		at org.apache.jasper.compiler.ErrorDispatcher.javacError(ErrorDispatcher.java:212)
		at org.apache.jasper.compiler.JDTCompiler.generateClass(JDTCompiler.java:560)
		at org.apache.jasper.compiler.Compiler.compile(Compiler.java:381)
		at org.apache.jasper.compiler.Compiler.compile(Compiler.java:351)
		at org.apache.jasper.compiler.Compiler.compile(Compiler.java:335)
		at org.apache.jasper.JspCompilationContext.compile(JspCompilationContext.java:597)
		at org.apache.jasper.servlet.JspServletWrapper.service(JspServletWrapper.java:399)
		at org.apache.jasper.servlet.JspServlet.serviceJspFile(JspServlet.java:386)
		at org.apache.jasper.servlet.JspServlet.service(JspServlet.java:330)
		at javax.servlet.http.HttpServlet.service(HttpServlet.java:733)
		at org.apache.catalina.core.ApplicationFilterChain.internalDoFilter(ApplicationFilterChain.java:231)
		at org.apache.catalina.core.ApplicationFilterChain.doFilter(ApplicationFilterChain.java:166)
		at org.apache.tomcat.websocket.server.WsFilter.doFilter(WsFilter.java:52)
		at org.apache.catalina.core.ApplicationFilterChain.internalDoFilter(ApplicationFilterChain.java:193)
		at org.apache.catalina.core.ApplicationFilterChain.doFilter(ApplicationFilterChain.java:166)
		at org.apache.catalina.core.StandardWrapperValve.invoke(StandardWrapperValve.java:199)
		at org.apache.catalina.core.StandardContextValve.invoke(StandardContextValve.java:97)
		at org.apache.catalina.authenticator.AuthenticatorBase.invoke(AuthenticatorBase.java:543)
		at org.apache.catalina.core.StandardHostValve.invoke(StandardHostValve.java:143)
		at org.apache.catalina.valves.ErrorReportValve.invoke(ErrorReportValve.java:81)
		at org.apache.catalina.valves.AbstractAccessLogValve.invoke(AbstractAccessLogValve.java:690)
		at org.apache.catalina.core.StandardEngineValve.invoke(StandardEngineValve.java:78)
		at org.apache.catalina.connector.CoyoteAdapter.service(CoyoteAdapter.java:343)
		at org.apache.coyote.http11.Http11Processor.service(Http11Processor.java:616)
		at org.apache.coyote.AbstractProcessorLight.process(AbstractProcessorLight.java:65)
		at org.apache.coyote.AbstractProtocol$ConnectionHandler.process(AbstractProtocol.java:818)
		at org.apache.tomcat.util.net.NioEndpoint$SocketProcessor.doRun(NioEndpoint.java:1626)
		at org.apache.tomcat.util.net.SocketProcessorBase.run(SocketProcessorBase.java:49)
		at java.util.concurrent.ThreadPoolExecutor.runWorker(ThreadPoolExecutor.java:1149)
		at java.util.concurrent.ThreadPoolExecutor$Worker.run(ThreadPoolExecutor.java:624)
		at org.apache.tomcat.util.threads.TaskThread$WrappingRunnable.run(TaskThread.java:61)
		at java.lang.Thread.run(Thread.java:748)
23-Oct-2020 00:02:36.301 GRAVE [http-nio-8080-exec-15] org.apache.catalina.core.StandardWrapperValve.invoke Servlet.service() for servlet [jsp] in context with path [/WebXPTO20202] threw exception [Unable to compile class for JSP: 

An error occurred at line: [6] in the jsp file: [/jsp/Funcionarios/validaConsultarFuncionario.jsp]
The constructor Funcionarios(int, String, String, String, String) is undefined
3: <%@page import="backendxpto20202.modelo.bean.Funcionarios"%>
4: <%
5:     String nome = request.getParameter("NOME");
6:     Funcionarios pes = new Funcionarios(0,nome,"","","");
7:     ControleFuncionarios pescont = new ControleFuncionarios();
8:     List<Funcionarios> pess = pescont.lista(pes);
9:     Usuario usuLogado = (Usuario) session.getAttribute("UsuarioLogado");


An error occurred at line: [9] in the jsp file: [/jsp/Funcionarios/validaConsultarFuncionario.jsp]
Usuario cannot be resolved to a type
6:     Funcionarios pes = new Funcionarios(0,nome,"","","");
7:     ControleFuncionarios pescont = new ControleFuncionarios();
8:     List<Funcionarios> pess = pescont.lista(pes);
9:     Usuario usuLogado = (Usuario) session.getAttribute("UsuarioLogado");
10:     String url = "PBUSCA=" + nome+"&ID=" ;
11: %>
12: 


An error occurred at line: [9] in the jsp file: [/jsp/Funcionarios/validaConsultarFuncionario.jsp]
Usuario cannot be resolved to a type
6:     Funcionarios pes = new Funcionarios(0,nome,"","","");
7:     ControleFuncionarios pescont = new ControleFuncionarios();
8:     List<Funcionarios> pess = pescont.lista(pes);
9:     Usuario usuLogado = (Usuario) session.getAttribute("UsuarioLogado");
10:     String url = "PBUSCA=" + nome+"&ID=" ;
11: %>
12: 


An error occurred at line: [33] in the jsp file: [/jsp/Funcionarios/validaConsultarFuncionario.jsp]
The method getCpf() is undefined for the type Funcionarios
30:                     <% for (Funcionarios listaPessoas : pess) { %>
31:                         <tr>
32:                             <td><%=listaPessoas.getId()%></td>
33:                             <td><%=listaPessoas.getCpf()%></td>
34:                             <td><%=listaPessoas.getNome()%></td>
35:                             <td><%=listaPessoas.getEmail()%></td>
36:                             <% if (usuLogado.getTipo().equals("ADM")) { %>


An error occurred at line: [35] in the jsp file: [/jsp/Funcionarios/validaConsultarFuncionario.jsp]
The method getEmail() is undefined for the type Funcionarios
32:                             <td><%=listaPessoas.getId()%></td>
33:                             <td><%=listaPessoas.getCpf()%></td>
34:                             <td><%=listaPessoas.getNome()%></td>
35:                             <td><%=listaPessoas.getEmail()%></td>
36:                             <% if (usuLogado.getTipo().equals("ADM")) { %>
37:                                 <td><a href="excluirPessoa.jsp?<%=url + listaPessoas.getId()%>">Excluir</a></td>
38:                                 <td><a href="alterarPessoa.jsp?<%=url + listaPessoas.getId()%>">Alterar</a></td>


Stacktrace:] with root cause
	org.apache.jasper.JasperException: Unable to compile class for JSP: 

An error occurred at line: [6] in the jsp file: [/jsp/Funcionarios/validaConsultarFuncionario.jsp]
The constructor Funcionarios(int, String, String, String, String) is undefined
3: <%@page import="backendxpto20202.modelo.bean.Funcionarios"%>
4: <%
5:     String nome = request.getParameter("NOME");
6:     Funcionarios pes = new Funcionarios(0,nome,"","","");
7:     ControleFuncionarios pescont = new ControleFuncionarios();
8:     List<Funcionarios> pess = pescont.lista(pes);
9:     Usuario usuLogado = (Usuario) session.getAttribute("UsuarioLogado");


An error occurred at line: [9] in the jsp file: [/jsp/Funcionarios/validaConsultarFuncionario.jsp]
Usuario cannot be resolved to a type
6:     Funcionarios pes = new Funcionarios(0,nome,"","","");
7:     ControleFuncionarios pescont = new ControleFuncionarios();
8:     List<Funcionarios> pess = pescont.lista(pes);
9:     Usuario usuLogado = (Usuario) session.getAttribute("UsuarioLogado");
10:     String url = "PBUSCA=" + nome+"&ID=" ;
11: %>
12: 


An error occurred at line: [9] in the jsp file: [/jsp/Funcionarios/validaConsultarFuncionario.jsp]
Usuario cannot be resolved to a type
6:     Funcionarios pes = new Funcionarios(0,nome,"","","");
7:     ControleFuncionarios pescont = new ControleFuncionarios();
8:     List<Funcionarios> pess = pescont.lista(pes);
9:     Usuario usuLogado = (Usuario) session.getAttribute("UsuarioLogado");
10:     String url = "PBUSCA=" + nome+"&ID=" ;
11: %>
12: 


An error occurred at line: [33] in the jsp file: [/jsp/Funcionarios/validaConsultarFuncionario.jsp]
The method getCpf() is undefined for the type Funcionarios
30:                     <% for (Funcionarios listaPessoas : pess) { %>
31:                         <tr>
32:                             <td><%=listaPessoas.getId()%></td>
33:                             <td><%=listaPessoas.getCpf()%></td>
34:                             <td><%=listaPessoas.getNome()%></td>
35:                             <td><%=listaPessoas.getEmail()%></td>
36:                             <% if (usuLogado.getTipo().equals("ADM")) { %>


An error occurred at line: [35] in the jsp file: [/jsp/Funcionarios/validaConsultarFuncionario.jsp]
The method getEmail() is undefined for the type Funcionarios
32:                             <td><%=listaPessoas.getId()%></td>
33:                             <td><%=listaPessoas.getCpf()%></td>
34:                             <td><%=listaPessoas.getNome()%></td>
35:                             <td><%=listaPessoas.getEmail()%></td>
36:                             <% if (usuLogado.getTipo().equals("ADM")) { %>
37:                                 <td><a href="excluirPessoa.jsp?<%=url + listaPessoas.getId()%>">Excluir</a></td>
38:                                 <td><a href="alterarPessoa.jsp?<%=url + listaPessoas.getId()%>">Alterar</a></td>


Stacktrace:
		at org.apache.jasper.compiler.DefaultErrorHandler.javacError(DefaultErrorHandler.java:102)
		at org.apache.jasper.compiler.ErrorDispatcher.javacError(ErrorDispatcher.java:212)
		at org.apache.jasper.compiler.JDTCompiler.generateClass(JDTCompiler.java:560)
		at org.apache.jasper.compiler.Compiler.compile(Compiler.java:381)
		at org.apache.jasper.compiler.Compiler.compile(Compiler.java:351)
		at org.apache.jasper.compiler.Compiler.compile(Compiler.java:335)
		at org.apache.jasper.JspCompilationContext.compile(JspCompilationContext.java:597)
		at org.apache.jasper.servlet.JspServletWrapper.service(JspServletWrapper.java:399)
		at org.apache.jasper.servlet.JspServlet.serviceJspFile(JspServlet.java:386)
		at org.apache.jasper.servlet.JspServlet.service(JspServlet.java:330)
		at javax.servlet.http.HttpServlet.service(HttpServlet.java:733)
		at org.apache.catalina.core.ApplicationFilterChain.internalDoFilter(ApplicationFilterChain.java:231)
		at org.apache.catalina.core.ApplicationFilterChain.doFilter(ApplicationFilterChain.java:166)
		at org.apache.tomcat.websocket.server.WsFilter.doFilter(WsFilter.java:52)
		at org.apache.catalina.core.ApplicationFilterChain.internalDoFilter(ApplicationFilterChain.java:193)
		at org.apache.catalina.core.ApplicationFilterChain.doFilter(ApplicationFilterChain.java:166)
		at org.apache.catalina.core.StandardWrapperValve.invoke(StandardWrapperValve.java:199)
		at org.apache.catalina.core.StandardContextValve.invoke(StandardContextValve.java:97)
		at org.apache.catalina.authenticator.AuthenticatorBase.invoke(AuthenticatorBase.java:543)
		at org.apache.catalina.core.StandardHostValve.invoke(StandardHostValve.java:143)
		at org.apache.catalina.valves.ErrorReportValve.invoke(ErrorReportValve.java:81)
		at org.apache.catalina.valves.AbstractAccessLogValve.invoke(AbstractAccessLogValve.java:690)
		at org.apache.catalina.core.StandardEngineValve.invoke(StandardEngineValve.java:78)
		at org.apache.catalina.connector.CoyoteAdapter.service(CoyoteAdapter.java:343)
		at org.apache.coyote.http11.Http11Processor.service(Http11Processor.java:616)
		at org.apache.coyote.AbstractProcessorLight.process(AbstractProcessorLight.java:65)
		at org.apache.coyote.AbstractProtocol$ConnectionHandler.process(AbstractProtocol.java:818)
		at org.apache.tomcat.util.net.NioEndpoint$SocketProcessor.doRun(NioEndpoint.java:1626)
		at org.apache.tomcat.util.net.SocketProcessorBase.run(SocketProcessorBase.java:49)
		at java.util.concurrent.ThreadPoolExecutor.runWorker(ThreadPoolExecutor.java:1149)
		at java.util.concurrent.ThreadPoolExecutor$Worker.run(ThreadPoolExecutor.java:624)
		at org.apache.tomcat.util.threads.TaskThread$WrappingRunnable.run(TaskThread.java:61)
		at java.lang.Thread.run(Thread.java:748)
23-Oct-2020 00:03:26.044 INFORMAÇÕES [localhost-startStop-2] org.apache.catalina.core.ApplicationContext.log SessionListener: contextDestroyed()
23-Oct-2020 00:03:26.044 INFORMAÇÕES [localhost-startStop-2] org.apache.catalina.core.ApplicationContext.log ContextListener: contextDestroyed()
23-Oct-2020 09:26:21.974 INFORMAÇÕES [localhost-startStop-1] org.apache.catalina.core.ApplicationContext.log ContextListener: contextInitialized()
23-Oct-2020 09:26:21.974 INFORMAÇÕES [localhost-startStop-1] org.apache.catalina.core.ApplicationContext.log SessionListener: contextInitialized()
23-Oct-2020 09:26:21.991 INFORMAÇÕES [localhost-startStop-1] org.apache.catalina.core.ApplicationContext.log ContextListener: attributeAdded('StockTicker', 'async.Stockticker@331d14cb')
23-Oct-2020 09:28:06.681 GRAVE [http-nio-8080-exec-5] org.apache.catalina.core.StandardWrapperValve.invoke Servlet.service() for servlet [jsp] in context with path [/WebXPTO20202] threw exception [Unable to compile class for JSP: 

An error occurred at line: [6] in the jsp file: [/jsp/Funcionarios/validaConsultarFuncionario.jsp]
The constructor Funcionarios(int, String, String, String, String) is undefined
3: <%@page import="backendxpto20202.modelo.bean.Funcionarios"%>
4: <%
5:     String nome = request.getParameter("NOME");
6:     Funcionarios pes = new Funcionarios(0,nome,"","","");
7:     ControleFuncionarios pescont = new ControleFuncionarios();
8:     List<Funcionarios> pess = pescont.lista(pes);
9:     Usuario usuLogado = (Usuario) session.getAttribute("UsuarioLogado");


An error occurred at line: [9] in the jsp file: [/jsp/Funcionarios/validaConsultarFuncionario.jsp]
Usuario cannot be resolved to a type
6:     Funcionarios pes = new Funcionarios(0,nome,"","","");
7:     ControleFuncionarios pescont = new ControleFuncionarios();
8:     List<Funcionarios> pess = pescont.lista(pes);
9:     Usuario usuLogado = (Usuario) session.getAttribute("UsuarioLogado");
10:     String url = "PBUSCA=" + nome+"&ID=" ;
11: %>
12: 


An error occurred at line: [9] in the jsp file: [/jsp/Funcionarios/validaConsultarFuncionario.jsp]
Usuario cannot be resolved to a type
6:     Funcionarios pes = new Funcionarios(0,nome,"","","");
7:     ControleFuncionarios pescont = new ControleFuncionarios();
8:     List<Funcionarios> pess = pescont.lista(pes);
9:     Usuario usuLogado = (Usuario) session.getAttribute("UsuarioLogado");
10:     String url = "PBUSCA=" + nome+"&ID=" ;
11: %>
12: 


An error occurred at line: [33] in the jsp file: [/jsp/Funcionarios/validaConsultarFuncionario.jsp]
The method getCpf() is undefined for the type Funcionarios
30:                     <% for (Funcionarios listaPessoas : pess) { %>
31:                         <tr>
32:                             <td><%=listaPessoas.getId()%></td>
33:                             <td><%=listaPessoas.getCpf()%></td>
34:                             <td><%=listaPessoas.getNome()%></td>
35:                             <td><%=listaPessoas.getEmail()%></td>
36:                             <% if (usuLogado.getTipo().equals("ADM")) { %>


An error occurred at line: [35] in the jsp file: [/jsp/Funcionarios/validaConsultarFuncionario.jsp]
The method getEmail() is undefined for the type Funcionarios
32:                             <td><%=listaPessoas.getId()%></td>
33:                             <td><%=listaPessoas.getCpf()%></td>
34:                             <td><%=listaPessoas.getNome()%></td>
35:                             <td><%=listaPessoas.getEmail()%></td>
36:                             <% if (usuLogado.getTipo().equals("ADM")) { %>
37:                                 <td><a href="excluirPessoa.jsp?<%=url + listaPessoas.getId()%>">Excluir</a></td>
38:                                 <td><a href="alterarPessoa.jsp?<%=url + listaPessoas.getId()%>">Alterar</a></td>


Stacktrace:] with root cause
	org.apache.jasper.JasperException: Unable to compile class for JSP: 

An error occurred at line: [6] in the jsp file: [/jsp/Funcionarios/validaConsultarFuncionario.jsp]
The constructor Funcionarios(int, String, String, String, String) is undefined
3: <%@page import="backendxpto20202.modelo.bean.Funcionarios"%>
4: <%
5:     String nome = request.getParameter("NOME");
6:     Funcionarios pes = new Funcionarios(0,nome,"","","");
7:     ControleFuncionarios pescont = new ControleFuncionarios();
8:     List<Funcionarios> pess = pescont.lista(pes);
9:     Usuario usuLogado = (Usuario) session.getAttribute("UsuarioLogado");


An error occurred at line: [9] in the jsp file: [/jsp/Funcionarios/validaConsultarFuncionario.jsp]
Usuario cannot be resolved to a type
6:     Funcionarios pes = new Funcionarios(0,nome,"","","");
7:     ControleFuncionarios pescont = new ControleFuncionarios();
8:     List<Funcionarios> pess = pescont.lista(pes);
9:     Usuario usuLogado = (Usuario) session.getAttribute("UsuarioLogado");
10:     String url = "PBUSCA=" + nome+"&ID=" ;
11: %>
12: 


An error occurred at line: [9] in the jsp file: [/jsp/Funcionarios/validaConsultarFuncionario.jsp]
Usuario cannot be resolved to a type
6:     Funcionarios pes = new Funcionarios(0,nome,"","","");
7:     ControleFuncionarios pescont = new ControleFuncionarios();
8:     List<Funcionarios> pess = pescont.lista(pes);
9:     Usuario usuLogado = (Usuario) session.getAttribute("UsuarioLogado");
10:     String url = "PBUSCA=" + nome+"&ID=" ;
11: %>
12: 


An error occurred at line: [33] in the jsp file: [/jsp/Funcionarios/validaConsultarFuncionario.jsp]
The method getCpf() is undefined for the type Funcionarios
30:                     <% for (Funcionarios listaPessoas : pess) { %>
31:                         <tr>
32:                             <td><%=listaPessoas.getId()%></td>
33:                             <td><%=listaPessoas.getCpf()%></td>
34:                             <td><%=listaPessoas.getNome()%></td>
35:                             <td><%=listaPessoas.getEmail()%></td>
36:                             <% if (usuLogado.getTipo().equals("ADM")) { %>


An error occurred at line: [35] in the jsp file: [/jsp/Funcionarios/validaConsultarFuncionario.jsp]
The method getEmail() is undefined for the type Funcionarios
32:                             <td><%=listaPessoas.getId()%></td>
33:                             <td><%=listaPessoas.getCpf()%></td>
34:                             <td><%=listaPessoas.getNome()%></td>
35:                             <td><%=listaPessoas.getEmail()%></td>
36:                             <% if (usuLogado.getTipo().equals("ADM")) { %>
37:                                 <td><a href="excluirPessoa.jsp?<%=url + listaPessoas.getId()%>">Excluir</a></td>
38:                                 <td><a href="alterarPessoa.jsp?<%=url + listaPessoas.getId()%>">Alterar</a></td>


Stacktrace:
		at org.apache.jasper.compiler.DefaultErrorHandler.javacError(DefaultErrorHandler.java:102)
		at org.apache.jasper.compiler.ErrorDispatcher.javacError(ErrorDispatcher.java:212)
		at org.apache.jasper.compiler.JDTCompiler.generateClass(JDTCompiler.java:560)
		at org.apache.jasper.compiler.Compiler.compile(Compiler.java:381)
		at org.apache.jasper.compiler.Compiler.compile(Compiler.java:351)
		at org.apache.jasper.compiler.Compiler.compile(Compiler.java:335)
		at org.apache.jasper.JspCompilationContext.compile(JspCompilationContext.java:597)
		at org.apache.jasper.servlet.JspServletWrapper.service(JspServletWrapper.java:399)
		at org.apache.jasper.servlet.JspServlet.serviceJspFile(JspServlet.java:386)
		at org.apache.jasper.servlet.JspServlet.service(JspServlet.java:330)
		at javax.servlet.http.HttpServlet.service(HttpServlet.java:733)
		at org.apache.catalina.core.ApplicationFilterChain.internalDoFilter(ApplicationFilterChain.java:231)
		at org.apache.catalina.core.ApplicationFilterChain.doFilter(ApplicationFilterChain.java:166)
		at org.apache.tomcat.websocket.server.WsFilter.doFilter(WsFilter.java:52)
		at org.apache.catalina.core.ApplicationFilterChain.internalDoFilter(ApplicationFilterChain.java:193)
		at org.apache.catalina.core.ApplicationFilterChain.doFilter(ApplicationFilterChain.java:166)
		at org.apache.catalina.core.StandardWrapperValve.invoke(StandardWrapperValve.java:199)
		at org.apache.catalina.core.StandardContextValve.invoke(StandardContextValve.java:97)
		at org.apache.catalina.authenticator.AuthenticatorBase.invoke(AuthenticatorBase.java:543)
		at org.apache.catalina.core.StandardHostValve.invoke(StandardHostValve.java:143)
		at org.apache.catalina.valves.ErrorReportValve.invoke(ErrorReportValve.java:81)
		at org.apache.catalina.valves.AbstractAccessLogValve.invoke(AbstractAccessLogValve.java:690)
		at org.apache.catalina.core.StandardEngineValve.invoke(StandardEngineValve.java:78)
		at org.apache.catalina.connector.CoyoteAdapter.service(CoyoteAdapter.java:343)
		at org.apache.coyote.http11.Http11Processor.service(Http11Processor.java:616)
		at org.apache.coyote.AbstractProcessorLight.process(AbstractProcessorLight.java:65)
		at org.apache.coyote.AbstractProtocol$ConnectionHandler.process(AbstractProtocol.java:818)
		at org.apache.tomcat.util.net.NioEndpoint$SocketProcessor.doRun(NioEndpoint.java:1626)
		at org.apache.tomcat.util.net.SocketProcessorBase.run(SocketProcessorBase.java:49)
		at java.util.concurrent.ThreadPoolExecutor.runWorker(ThreadPoolExecutor.java:1149)
		at java.util.concurrent.ThreadPoolExecutor$Worker.run(ThreadPoolExecutor.java:624)
		at org.apache.tomcat.util.threads.TaskThread$WrappingRunnable.run(TaskThread.java:61)
		at java.lang.Thread.run(Thread.java:748)
23-Oct-2020 09:28:13.504 GRAVE [http-nio-8080-exec-3] org.apache.catalina.core.StandardWrapperValve.invoke Servlet.service() for servlet [jsp] in context with path [/WebXPTO20202] threw exception [Unable to compile class for JSP: 

An error occurred at line: [6] in the jsp file: [/jsp/Funcionarios/validaConsultarFuncionario.jsp]
The constructor Funcionarios(int, String, String, String, String) is undefined
3: <%@page import="backendxpto20202.modelo.bean.Funcionarios"%>
4: <%
5:     String nome = request.getParameter("NOME");
6:     Funcionarios pes = new Funcionarios(0,nome,"","","");
7:     ControleFuncionarios pescont = new ControleFuncionarios();
8:     List<Funcionarios> pess = pescont.lista(pes);
9:     Usuario usuLogado = (Usuario) session.getAttribute("UsuarioLogado");


An error occurred at line: [9] in the jsp file: [/jsp/Funcionarios/validaConsultarFuncionario.jsp]
Usuario cannot be resolved to a type
6:     Funcionarios pes = new Funcionarios(0,nome,"","","");
7:     ControleFuncionarios pescont = new ControleFuncionarios();
8:     List<Funcionarios> pess = pescont.lista(pes);
9:     Usuario usuLogado = (Usuario) session.getAttribute("UsuarioLogado");
10:     String url = "PBUSCA=" + nome+"&ID=" ;
11: %>
12: 


An error occurred at line: [9] in the jsp file: [/jsp/Funcionarios/validaConsultarFuncionario.jsp]
Usuario cannot be resolved to a type
6:     Funcionarios pes = new Funcionarios(0,nome,"","","");
7:     ControleFuncionarios pescont = new ControleFuncionarios();
8:     List<Funcionarios> pess = pescont.lista(pes);
9:     Usuario usuLogado = (Usuario) session.getAttribute("UsuarioLogado");
10:     String url = "PBUSCA=" + nome+"&ID=" ;
11: %>
12: 


An error occurred at line: [33] in the jsp file: [/jsp/Funcionarios/validaConsultarFuncionario.jsp]
The method getCpf() is undefined for the type Funcionarios
30:                     <% for (Funcionarios listaPessoas : pess) { %>
31:                         <tr>
32:                             <td><%=listaPessoas.getId()%></td>
33:                             <td><%=listaPessoas.getCpf()%></td>
34:                             <td><%=listaPessoas.getNome()%></td>
35:                             <td><%=listaPessoas.getEmail()%></td>
36:                             <% if (usuLogado.getTipo().equals("ADM")) { %>


An error occurred at line: [35] in the jsp file: [/jsp/Funcionarios/validaConsultarFuncionario.jsp]
The method getEmail() is undefined for the type Funcionarios
32:                             <td><%=listaPessoas.getId()%></td>
33:                             <td><%=listaPessoas.getCpf()%></td>
34:                             <td><%=listaPessoas.getNome()%></td>
35:                             <td><%=listaPessoas.getEmail()%></td>
36:                             <% if (usuLogado.getTipo().equals("ADM")) { %>
37:                                 <td><a href="excluirPessoa.jsp?<%=url + listaPessoas.getId()%>">Excluir</a></td>
38:                                 <td><a href="alterarPessoa.jsp?<%=url + listaPessoas.getId()%>">Alterar</a></td>


Stacktrace:] with root cause
	org.apache.jasper.JasperException: Unable to compile class for JSP: 

An error occurred at line: [6] in the jsp file: [/jsp/Funcionarios/validaConsultarFuncionario.jsp]
The constructor Funcionarios(int, String, String, String, String) is undefined
3: <%@page import="backendxpto20202.modelo.bean.Funcionarios"%>
4: <%
5:     String nome = request.getParameter("NOME");
6:     Funcionarios pes = new Funcionarios(0,nome,"","","");
7:     ControleFuncionarios pescont = new ControleFuncionarios();
8:     List<Funcionarios> pess = pescont.lista(pes);
9:     Usuario usuLogado = (Usuario) session.getAttribute("UsuarioLogado");


An error occurred at line: [9] in the jsp file: [/jsp/Funcionarios/validaConsultarFuncionario.jsp]
Usuario cannot be resolved to a type
6:     Funcionarios pes = new Funcionarios(0,nome,"","","");
7:     ControleFuncionarios pescont = new ControleFuncionarios();
8:     List<Funcionarios> pess = pescont.lista(pes);
9:     Usuario usuLogado = (Usuario) session.getAttribute("UsuarioLogado");
10:     String url = "PBUSCA=" + nome+"&ID=" ;
11: %>
12: 


An error occurred at line: [9] in the jsp file: [/jsp/Funcionarios/validaConsultarFuncionario.jsp]
Usuario cannot be resolved to a type
6:     Funcionarios pes = new Funcionarios(0,nome,"","","");
7:     ControleFuncionarios pescont = new ControleFuncionarios();
8:     List<Funcionarios> pess = pescont.lista(pes);
9:     Usuario usuLogado = (Usuario) session.getAttribute("UsuarioLogado");
10:     String url = "PBUSCA=" + nome+"&ID=" ;
11: %>
12: 


An error occurred at line: [33] in the jsp file: [/jsp/Funcionarios/validaConsultarFuncionario.jsp]
The method getCpf() is undefined for the type Funcionarios
30:                     <% for (Funcionarios listaPessoas : pess) { %>
31:                         <tr>
32:                             <td><%=listaPessoas.getId()%></td>
33:                             <td><%=listaPessoas.getCpf()%></td>
34:                             <td><%=listaPessoas.getNome()%></td>
35:                             <td><%=listaPessoas.getEmail()%></td>
36:                             <% if (usuLogado.getTipo().equals("ADM")) { %>


An error occurred at line: [35] in the jsp file: [/jsp/Funcionarios/validaConsultarFuncionario.jsp]
The method getEmail() is undefined for the type Funcionarios
32:                             <td><%=listaPessoas.getId()%></td>
33:                             <td><%=listaPessoas.getCpf()%></td>
34:                             <td><%=listaPessoas.getNome()%></td>
35:                             <td><%=listaPessoas.getEmail()%></td>
36:                             <% if (usuLogado.getTipo().equals("ADM")) { %>
37:                                 <td><a href="excluirPessoa.jsp?<%=url + listaPessoas.getId()%>">Excluir</a></td>
38:                                 <td><a href="alterarPessoa.jsp?<%=url + listaPessoas.getId()%>">Alterar</a></td>


Stacktrace:
		at org.apache.jasper.compiler.DefaultErrorHandler.javacError(DefaultErrorHandler.java:102)
		at org.apache.jasper.compiler.ErrorDispatcher.javacError(ErrorDispatcher.java:212)
		at org.apache.jasper.compiler.JDTCompiler.generateClass(JDTCompiler.java:560)
		at org.apache.jasper.compiler.Compiler.compile(Compiler.java:381)
		at org.apache.jasper.compiler.Compiler.compile(Compiler.java:351)
		at org.apache.jasper.compiler.Compiler.compile(Compiler.java:335)
		at org.apache.jasper.JspCompilationContext.compile(JspCompilationContext.java:597)
		at org.apache.jasper.servlet.JspServletWrapper.service(JspServletWrapper.java:399)
		at org.apache.jasper.servlet.JspServlet.serviceJspFile(JspServlet.java:386)
		at org.apache.jasper.servlet.JspServlet.service(JspServlet.java:330)
		at javax.servlet.http.HttpServlet.service(HttpServlet.java:733)
		at org.apache.catalina.core.ApplicationFilterChain.internalDoFilter(ApplicationFilterChain.java:231)
		at org.apache.catalina.core.ApplicationFilterChain.doFilter(ApplicationFilterChain.java:166)
		at org.apache.tomcat.websocket.server.WsFilter.doFilter(WsFilter.java:52)
		at org.apache.catalina.core.ApplicationFilterChain.internalDoFilter(ApplicationFilterChain.java:193)
		at org.apache.catalina.core.ApplicationFilterChain.doFilter(ApplicationFilterChain.java:166)
		at org.apache.catalina.core.StandardWrapperValve.invoke(StandardWrapperValve.java:199)
		at org.apache.catalina.core.StandardContextValve.invoke(StandardContextValve.java:97)
		at org.apache.catalina.authenticator.AuthenticatorBase.invoke(AuthenticatorBase.java:543)
		at org.apache.catalina.core.StandardHostValve.invoke(StandardHostValve.java:143)
		at org.apache.catalina.valves.ErrorReportValve.invoke(ErrorReportValve.java:81)
		at org.apache.catalina.valves.AbstractAccessLogValve.invoke(AbstractAccessLogValve.java:690)
		at org.apache.catalina.core.StandardEngineValve.invoke(StandardEngineValve.java:78)
		at org.apache.catalina.connector.CoyoteAdapter.service(CoyoteAdapter.java:343)
		at org.apache.coyote.http11.Http11Processor.service(Http11Processor.java:616)
		at org.apache.coyote.AbstractProcessorLight.process(AbstractProcessorLight.java:65)
		at org.apache.coyote.AbstractProtocol$ConnectionHandler.process(AbstractProtocol.java:818)
		at org.apache.tomcat.util.net.NioEndpoint$SocketProcessor.doRun(NioEndpoint.java:1626)
		at org.apache.tomcat.util.net.SocketProcessorBase.run(SocketProcessorBase.java:49)
		at java.util.concurrent.ThreadPoolExecutor.runWorker(ThreadPoolExecutor.java:1149)
		at java.util.concurrent.ThreadPoolExecutor$Worker.run(ThreadPoolExecutor.java:624)
		at org.apache.tomcat.util.threads.TaskThread$WrappingRunnable.run(TaskThread.java:61)
		at java.lang.Thread.run(Thread.java:748)
23-Oct-2020 18:49:41.929 INFORMAÇÕES [localhost-startStop-2] org.apache.catalina.core.ApplicationContext.log SessionListener: contextDestroyed()
23-Oct-2020 18:49:41.930 INFORMAÇÕES [localhost-startStop-2] org.apache.catalina.core.ApplicationContext.log ContextListener: contextDestroyed()
